<?xml version="1.0" encoding="UTF-8"?>
<testsuite name="com.example.swip.SwipApplicationTests" tests="1" skipped="0" failures="0" errors="0" timestamp="2022-03-08T09:42:27" hostname="DESKTOP-GRHENS3" time="0.449">
  <properties/>
  <testcase name="contextLoads()" classname="com.example.swip.SwipApplicationTests" time="0.449"/>
  <system-out><![CDATA[13:42:06.995 [Test worker] DEBUG org.springframework.test.context.BootstrapUtils - Instantiating CacheAwareContextLoaderDelegate from class [org.springframework.test.context.cache.DefaultCacheAwareContextLoaderDelegate]
13:42:07.010 [Test worker] DEBUG org.springframework.test.context.BootstrapUtils - Instantiating BootstrapContext using constructor [public org.springframework.test.context.support.DefaultBootstrapContext(java.lang.Class,org.springframework.test.context.CacheAwareContextLoaderDelegate)]
13:42:07.050 [Test worker] DEBUG org.springframework.test.context.BootstrapUtils - Instantiating TestContextBootstrapper for test class [com.example.swip.SwipApplicationTests] from class [org.springframework.boot.test.context.SpringBootTestContextBootstrapper]
13:42:07.066 [Test worker] INFO org.springframework.boot.test.context.SpringBootTestContextBootstrapper - Neither @ContextConfiguration nor @ContextHierarchy found for test class [com.example.swip.SwipApplicationTests], using SpringBootContextLoader
13:42:07.071 [Test worker] DEBUG org.springframework.test.context.support.AbstractContextLoader - Did not detect default resource location for test class [com.example.swip.SwipApplicationTests]: class path resource [com/example/swip/SwipApplicationTests-context.xml] does not exist
13:42:07.072 [Test worker] DEBUG org.springframework.test.context.support.AbstractContextLoader - Did not detect default resource location for test class [com.example.swip.SwipApplicationTests]: class path resource [com/example/swip/SwipApplicationTestsContext.groovy] does not exist
13:42:07.072 [Test worker] INFO org.springframework.test.context.support.AbstractContextLoader - Could not detect default resource locations for test class [com.example.swip.SwipApplicationTests]: no resource found for suffixes {-context.xml, Context.groovy}.
13:42:07.073 [Test worker] INFO org.springframework.test.context.support.AnnotationConfigContextLoaderUtils - Could not detect default configuration classes for test class [com.example.swip.SwipApplicationTests]: SwipApplicationTests does not declare any static, non-private, non-final, nested classes annotated with @Configuration.
13:42:07.120 [Test worker] DEBUG org.springframework.test.context.support.ActiveProfilesUtils - Could not find an 'annotation declaring class' for annotation type [org.springframework.test.context.ActiveProfiles] and class [com.example.swip.SwipApplicationTests]
13:42:07.182 [Test worker] DEBUG org.springframework.context.annotation.ClassPathScanningCandidateComponentProvider - Identified candidate component class: file [E:\diplom_V2\build\classes\kotlin\main\com\example\swip\SwipApplication.class]
13:42:07.187 [Test worker] INFO org.springframework.boot.test.context.SpringBootTestContextBootstrapper - Found @SpringBootConfiguration com.example.swip.SwipApplication for test class com.example.swip.SwipApplicationTests
13:42:07.355 [Test worker] DEBUG org.springframework.boot.test.context.SpringBootTestContextBootstrapper - @TestExecutionListeners is not present for class [com.example.swip.SwipApplicationTests]: using defaults.
13:42:07.356 [Test worker] INFO org.springframework.boot.test.context.SpringBootTestContextBootstrapper - Loaded default TestExecutionListener class names from location [META-INF/spring.factories]: [org.springframework.boot.test.autoconfigure.restdocs.RestDocsTestExecutionListener, org.springframework.boot.test.autoconfigure.web.client.MockRestServiceServerResetTestExecutionListener, org.springframework.boot.test.autoconfigure.web.servlet.MockMvcPrintOnlyOnFailureTestExecutionListener, org.springframework.boot.test.autoconfigure.web.servlet.WebDriverTestExecutionListener, org.springframework.boot.test.autoconfigure.webservices.client.MockWebServiceServerTestExecutionListener, org.springframework.boot.test.mock.mockito.MockitoTestExecutionListener, org.springframework.boot.test.mock.mockito.ResetMocksTestExecutionListener, org.springframework.test.context.web.ServletTestExecutionListener, org.springframework.test.context.support.DirtiesContextBeforeModesTestExecutionListener, org.springframework.test.context.event.ApplicationEventsTestExecutionListener, org.springframework.test.context.support.DependencyInjectionTestExecutionListener, org.springframework.test.context.support.DirtiesContextTestExecutionListener, org.springframework.test.context.transaction.TransactionalTestExecutionListener, org.springframework.test.context.jdbc.SqlScriptsTestExecutionListener, org.springframework.test.context.event.EventPublishingTestExecutionListener]
13:42:07.380 [Test worker] INFO org.springframework.boot.test.context.SpringBootTestContextBootstrapper - Using TestExecutionListeners: [org.springframework.test.context.web.ServletTestExecutionListener@569bf9eb, org.springframework.test.context.support.DirtiesContextBeforeModesTestExecutionListener@61526469, org.springframework.test.context.event.ApplicationEventsTestExecutionListener@274872f8, org.springframework.boot.test.mock.mockito.MockitoTestExecutionListener@76ba13c, org.springframework.boot.test.autoconfigure.SpringBootDependencyInjectionTestExecutionListener@eb6449b, org.springframework.test.context.support.DirtiesContextTestExecutionListener@7c351808, org.springframework.test.context.transaction.TransactionalTestExecutionListener@180e6ac4, org.springframework.test.context.jdbc.SqlScriptsTestExecutionListener@42b64ab8, org.springframework.test.context.event.EventPublishingTestExecutionListener@7e985ce9, org.springframework.boot.test.autoconfigure.restdocs.RestDocsTestExecutionListener@2a39fe6a, org.springframework.boot.test.autoconfigure.web.client.MockRestServiceServerResetTestExecutionListener@410ae9a3, org.springframework.boot.test.autoconfigure.web.servlet.MockMvcPrintOnlyOnFailureTestExecutionListener@319988b0, org.springframework.boot.test.autoconfigure.web.servlet.WebDriverTestExecutionListener@d5ae57e, org.springframework.boot.test.autoconfigure.webservices.client.MockWebServiceServerTestExecutionListener@68759011, org.springframework.boot.test.mock.mockito.ResetMocksTestExecutionListener@7e242b4d]
13:42:07.386 [Test worker] DEBUG org.springframework.test.context.support.AbstractDirtiesContextTestExecutionListener - Before test class: context [DefaultTestContext@4fad94a7 testClass = SwipApplicationTests, testInstance = [null], testMethod = [null], testException = [null], mergedContextConfiguration = [WebMergedContextConfiguration@475835b1 testClass = SwipApplicationTests, locations = '{}', classes = '{class com.example.swip.SwipApplication}', contextInitializerClasses = '[]', activeProfiles = '{}', propertySourceLocations = '{}', propertySourceProperties = '{org.springframework.boot.test.context.SpringBootTestContextBootstrapper=true}', contextCustomizers = set[org.springframework.boot.test.autoconfigure.actuate.metrics.MetricsExportContextCustomizerFactory$DisableMetricExportContextCustomizer@a87f8ec, org.springframework.boot.test.autoconfigure.properties.PropertyMappingContextCustomizer@0, org.springframework.boot.test.autoconfigure.web.servlet.WebDriverContextCustomizerFactory$Customizer@6138e79a, org.springframework.boot.test.context.filter.ExcludeFilterContextCustomizer@42bc14c1, org.springframework.boot.test.json.DuplicateJsonObjectContextCustomizerFactory$DuplicateJsonObjectContextCustomizer@6436a7db, org.springframework.boot.test.mock.mockito.MockitoContextCustomizer@0, org.springframework.boot.test.web.client.TestRestTemplateContextCustomizer@3e7dd664, org.springframework.boot.test.context.SpringBootTestArgs@1, org.springframework.boot.test.context.SpringBootTestWebEnvironment@7e5afaa6], resourceBasePath = 'src/main/webapp', contextLoader = 'org.springframework.boot.test.context.SpringBootContextLoader', parent = [null]], attributes = map['org.springframework.test.context.web.ServletTestExecutionListener.activateListener' -> true]], class annotated with @DirtiesContext [false] with mode [null].
13:42:07.437 [Test worker] DEBUG org.springframework.test.context.support.TestPropertySourceUtils - Adding inlined properties to environment: {spring.jmx.enabled=false, org.springframework.boot.test.context.SpringBootTestContextBootstrapper=true}

  .   ____          _            __ _ _
 /\\ / ___'_ __ _ _(_)_ __  __ _ \ \ \ \
( ( )\___ | '_ | '_| | '_ \/ _` | \ \ \ \
 \\/  ___)| |_)| | | | | || (_| |  ) ) ) )
  '  |____| .__|_| |_|_| |_\__, | / / / /
 =========|_|==============|___/=/_/_/_/
 :: Spring Boot ::                (v2.5.6)

2022-03-08 13:42:07.988  INFO 17284 --- [    Test worker] com.example.swip.SwipApplicationTests    : Starting SwipApplicationTests using Java 15.0.3 on DESKTOP-GRHENS3 with PID 17284 (started by Георгий Малахов in E:\diplom_V2)
2022-03-08 13:42:07.990  INFO 17284 --- [    Test worker] com.example.swip.SwipApplicationTests    : The following profiles are active: dev
2022-03-08 13:42:09.694  INFO 17284 --- [    Test worker] .s.d.r.c.RepositoryConfigurationDelegate : Bootstrapping Spring Data JPA repositories in DEFAULT mode.
2022-03-08 13:42:09.883  INFO 17284 --- [    Test worker] .s.d.r.c.RepositoryConfigurationDelegate : Finished Spring Data repository scanning in 174 ms. Found 15 JPA repository interfaces.
2022-03-08 13:42:10.818  INFO 17284 --- [    Test worker] com.zaxxer.hikari.HikariDataSource       : HikariPool-1 - Starting...
2022-03-08 13:42:16.821  INFO 17284 --- [    Test worker] com.zaxxer.hikari.HikariDataSource       : HikariPool-1 - Start completed.
2022-03-08 13:42:17.038  INFO 17284 --- [    Test worker] o.f.c.internal.license.VersionPrinter    : Flyway Community Edition 8.0.2 by Redgate
2022-03-08 13:42:17.038  INFO 17284 --- [    Test worker] o.f.c.i.database.base.BaseDatabaseType   : Database: jdbc:postgresql://ec2-63-32-7-190.eu-west-1.compute.amazonaws.com:5432/d3qj0gm1i8kso4 (PostgreSQL 13.5)
2022-03-08 13:42:18.281  INFO 17284 --- [    Test worker] o.f.core.internal.command.DbValidate     : Successfully validated 1 migration (execution time 00:00.365s)
2022-03-08 13:42:18.877  INFO 17284 --- [    Test worker] o.f.core.internal.command.DbMigrate      : Current version of schema "public": 1
2022-03-08 13:42:18.962  INFO 17284 --- [    Test worker] o.f.core.internal.command.DbMigrate      : Schema "public" is up to date. No migration necessary.
2022-03-08 13:42:19.409  INFO 17284 --- [    Test worker] o.hibernate.jpa.internal.util.LogHelper  : HHH000204: Processing PersistenceUnitInfo [name: default]
2022-03-08 13:42:19.524  INFO 17284 --- [    Test worker] org.hibernate.Version                    : HHH000412: Hibernate ORM core version 5.4.32.Final
2022-03-08 13:42:19.770  INFO 17284 --- [    Test worker] o.hibernate.annotations.common.Version   : HCANN000001: Hibernate Commons Annotations {5.1.2.Final}
2022-03-08 13:42:20.007  INFO 17284 --- [    Test worker] org.hibernate.dialect.Dialect            : HHH000400: Using dialect: org.hibernate.dialect.PostgreSQLDialect
2022-03-08 13:42:22.499  INFO 17284 --- [    Test worker] o.h.e.t.j.p.i.JtaPlatformInitiator       : HHH000490: Using JtaPlatform implementation: [org.hibernate.engine.transaction.jta.platform.internal.NoJtaPlatform]
2022-03-08 13:42:22.509  INFO 17284 --- [    Test worker] j.LocalContainerEntityManagerFactoryBean : Initialized JPA EntityManagerFactory for persistence unit 'default'
2022-03-08 13:42:25.303  WARN 17284 --- [    Test worker] JpaBaseConfiguration$JpaWebConfiguration : spring.jpa.open-in-view is enabled by default. Therefore, database queries may be performed during view rendering. Explicitly configure spring.jpa.open-in-view to disable this warning
2022-03-08 13:42:26.344  INFO 17284 --- [    Test worker] o.s.b.a.w.s.WelcomePageHandlerMapping    : Adding welcome page template: index
2022-03-08 13:42:27.400  INFO 17284 --- [    Test worker] o.s.s.web.DefaultSecurityFilterChain     : Will secure any request with [org.springframework.security.web.context.request.async.WebAsyncManagerIntegrationFilter@35fea0cd, org.springframework.security.web.context.SecurityContextPersistenceFilter@f1e5f85, org.springframework.security.web.header.HeaderWriterFilter@5dfaa2f0, org.springframework.security.web.csrf.CsrfFilter@67857a20, org.springframework.security.web.authentication.logout.LogoutFilter@2fedaa2e, org.springframework.security.oauth2.client.web.OAuth2AuthorizationRequestRedirectFilter@5ce9c9e8, org.springframework.security.oauth2.client.web.OAuth2AuthorizationRequestRedirectFilter@1fcb01f8, org.springframework.security.oauth2.client.web.OAuth2LoginAuthenticationFilter@9063080, org.springframework.security.web.authentication.ui.DefaultLoginPageGeneratingFilter@4c131823, org.springframework.security.web.authentication.ui.DefaultLogoutPageGeneratingFilter@2746bc43, org.springframework.security.web.savedrequest.RequestCacheAwareFilter@35bfa7be, org.springframework.security.web.servletapi.SecurityContextHolderAwareRequestFilter@557abb68, org.springframework.security.web.authentication.AnonymousAuthenticationFilter@16d31c48, org.springframework.security.oauth2.client.web.OAuth2AuthorizationCodeGrantFilter@4ee41c66, org.springframework.security.web.session.SessionManagementFilter@564e0a6c, org.springframework.security.web.access.ExceptionTranslationFilter@4548bfc7, org.springframework.security.web.access.intercept.FilterSecurityInterceptor@3ef2f84c]
2022-03-08 13:42:27.572  INFO 17284 --- [    Test worker] com.example.swip.SwipApplicationTests    : Started SwipApplicationTests in 20.12 seconds (JVM running for 22.121)
]]></system-out>
  <system-err><![CDATA[]]></system-err>
</testsuite>
